<?xml version="1.0" encoding="UTF-8"?>
<robot generator="Robot 3.2.1 (Python 3.8.3 on win32)" generated="20200715 16:43:28.336" rpa="false">
<suite id="s1" name="Invalid Login Tests" source="C:\Users\User\RobotWorkspace\OpenEMRApplication\TestCases\invalid_login_tests.robot">
<test id="s1-t1" name="Invalid Credential Test">
<kw name="Start Test" library="commonfunctionalities" type="setup">
<kw name="Append To Environment Variable" library="OperatingSystem">
<doc>Appends given ``values`` to environment variable ``name``.</doc>
<arguments>
<arg>PATH</arg>
<arg>${EXECDIR}${/}driver</arg>
</arguments>
<msg timestamp="20200715 16:43:29.832" level="INFO">Environment variable 'PATH' set to value 'C:\Program Files (x86)\Common Files\Oracle\Java\javapath;C:\WINDOWS\system32;C:\WINDOWS;C:\WINDOWS\System32\Wbem;C:\WINDOWS\System32\WindowsPowerShell\v1.0\;C:\WINDOWS\System32\OpenSSH\;C:\Users\User\AppData\Local\Programs\Python\Python38-32;C:\Users\User\AppData\Local\Programs\Python\Python38-32\Scripts;C:\Users\User\AppData\Local\Microsoft\WindowsApps;C:\Users\User\AppData\Local\Programs\Python\Python38-32;C:\Users\User\AppData\Local\Programs\Python\Python38-32\Scripts;;C:\Users\User\RobotWorkspace\OpenEMRApplication\driver'.</msg>
<status status="PASS" starttime="20200715 16:43:29.818" endtime="20200715 16:43:29.832"></status>
</kw>
<kw name="Open Browser" library="SeleniumLibrary">
<doc>Opens a new browser instance to the optional ``url``.</doc>
<arguments>
<arg>url=${URL}</arg>
<arg>browser=${BROWSER}</arg>
</arguments>
<msg timestamp="20200715 16:43:29.834" level="INFO">Opening browser 'firefox' to base url 'https://demo.openemr.io/a/openemr/index.php'.</msg>
<msg timestamp="20200715 16:43:29.867" level="INFO">Firefox driver log is always forced to to: C:\Users\User\RobotWorkspace\OpenEMRApplication\geckodriver-2.log</msg>
<status status="PASS" starttime="20200715 16:43:29.833" endtime="20200715 16:44:12.177"></status>
</kw>
<kw name="Maximize Browser Window" library="SeleniumLibrary">
<doc>Maximizes current browser window.</doc>
<status status="PASS" starttime="20200715 16:44:12.177" endtime="20200715 16:44:15.686"></status>
</kw>
<kw name="Set Browser Implicit Wait" library="SeleniumLibrary">
<doc>Sets the implicit wait value used by Selenium.</doc>
<arguments>
<arg>30s</arg>
</arguments>
<status status="PASS" starttime="20200715 16:44:15.686" endtime="20200715 16:44:15.692"></status>
</kw>
<status status="PASS" starttime="20200715 16:43:29.817" endtime="20200715 16:44:15.692"></status>
</kw>
<kw name="Input Text" library="SeleniumLibrary">
<doc>Types the given ``text`` into the text field identified by ``locator``.</doc>
<arguments>
<arg>id=authUser</arg>
<arg>admin123</arg>
</arguments>
<msg timestamp="20200715 16:44:15.695" level="INFO">Typing text 'admin123' into text field 'id=authUser'.</msg>
<kw name="Capture Page Screenshot" library="SeleniumLibrary">
<doc>Takes a screenshot of the current page and embeds it into a log file.</doc>
<msg timestamp="20200715 16:44:16.086" level="INFO" html="yes">&lt;/td&gt;&lt;/tr&gt;&lt;tr&gt;&lt;td colspan="3"&gt;&lt;a href="screenshots/selenium-screenshot-13.png"&gt;&lt;img src="screenshots/selenium-screenshot-13.png" width="800px"&gt;&lt;/a&gt;</msg>
<status status="PASS" starttime="20200715 16:44:15.922" endtime="20200715 16:44:16.086"></status>
</kw>
<msg timestamp="20200715 16:44:16.930" level="FAIL">ElementNotInteractableException: Message: Element &lt;input id="authUser" class="form-control" name="authUser" type="text"&gt; is not reachable by keyboard
</msg>
<status status="FAIL" starttime="20200715 16:44:15.694" endtime="20200715 16:44:16.931"></status>
</kw>
<kw name="End Test" library="commonfunctionalities" type="teardown">
<kw name="Close All Browsers" library="SeleniumLibrary">
<doc>Closes all open browsers and resets the browser cache.</doc>
<status status="PASS" starttime="20200715 16:44:16.934" endtime="20200715 16:44:19.726"></status>
</kw>
<status status="PASS" starttime="20200715 16:44:16.933" endtime="20200715 16:44:19.727"></status>
</kw>
<status status="FAIL" starttime="20200715 16:43:29.816" endtime="20200715 16:44:19.727" critical="yes">ElementNotInteractableException: Message: Element &lt;input id="authUser" class="form-control" name="authUser" type="text"&gt; is not reachable by keyboard
</status>
</test>
<doc>Checking on all invalid credentials</doc>
<status status="FAIL" starttime="20200715 16:43:28.342" endtime="20200715 16:44:19.729"></status>
</suite>
<statistics>
<total>
<stat pass="0" fail="1">Critical Tests</stat>
<stat pass="0" fail="1">All Tests</stat>
</total>
<tag>
</tag>
<suite>
<stat pass="0" fail="1" id="s1" name="Invalid Login Tests">Invalid Login Tests</stat>
</suite>
</statistics>
<errors>
</errors>
</robot>
